This is pdfTeX, Version 3.1415926-2.4-1.40.13 (TeX Live 2012/TeX Live for SUSE Linux) (format=pdflatex 2013.8.7)  15 AUG 2013 12:34
entering extended mode
 restricted \write18 enabled.
 %&-line parsing enabled.
**LionsLament.complete.tex
(./LionsLament.complete.tex
LaTeX2e <2011/06/27>
Babel <v3.8m> and hyphenation patterns for english, dumylang, nohyphenation, ge
rman-x-2011-07-01, ngerman-x-2011-07-01, afrikaans, ancientgreek, ibycus, arabi
c, armenian, basque, bulgarian, catalan, pinyin, coptic, croatian, czech, danis
h, dutch, ukenglish, usenglishmax, esperanto, estonian, ethiopic, farsi, finnis
h, french, friulan, galician, german, ngerman, swissgerman, monogreek, greek, h
ungarian, icelandic, assamese, bengali, gujarati, hindi, kannada, malayalam, ma
rathi, oriya, panjabi, tamil, telugu, indonesian, interlingua, irish, italian, 
kurmanji, lao, latin, latvian, lithuanian, mongolian, mongolianlmc, bokmal, nyn
orsk, polish, portuguese, romanian, romansh, russian, sanskrit, serbian, serbia
nc, slovak, slovenian, spanish, swedish, turkish, turkmen, ukrainian, uppersorb
ian, welsh, loaded.
(/usr/share/texmf/tex/latex/base/article.cls
Document Class: article 2007/10/19 v1.4h Standard LaTeX document class
(/usr/share/texmf/tex/latex/base/size10.clo
File: size10.clo 2007/10/19 v1.4h Standard LaTeX file (size option)
)
\c@part=\count79
\c@section=\count80
\c@subsection=\count81
\c@subsubsection=\count82
\c@paragraph=\count83
\c@subparagraph=\count84
\c@figure=\count85
\c@table=\count86
\abovecaptionskip=\skip41
\belowcaptionskip=\skip42
\bibindent=\dimen102
)
(/usr/share/texmf/tex/latex/pdfpages/pdfpages.sty
Package: pdfpages 2012/04/03 v0.4s Insert pages of external PDF documents (AM)

(/usr/share/texmf/tex/latex/base/ifthen.sty
Package: ifthen 2001/05/26 v1.1c Standard LaTeX ifthen package (DPC)
)
(/usr/share/texmf/tex/latex/tools/calc.sty
Package: calc 2007/08/22 v4.3 Infix arithmetic (KKT,FJ)
\calc@Acount=\count87
\calc@Bcount=\count88
\calc@Adimen=\dimen103
\calc@Bdimen=\dimen104
\calc@Askip=\skip43
\calc@Bskip=\skip44
LaTeX Info: Redefining \setlength on input line 76.
LaTeX Info: Redefining \addtolength on input line 77.
\calc@Ccount=\count89
\calc@Cskip=\skip45
)
(/usr/share/texmf/tex/latex/eso-pic/eso-pic.sty
Package: eso-pic 2010/10/06 v2.0c eso-pic (RN)

(/usr/share/texmf/tex/generic/oberdiek/atbegshi.sty
Package: atbegshi 2011/10/05 v1.16 At begin shipout hook (HO)

(/usr/share/texmf/tex/generic/oberdiek/infwarerr.sty
Package: infwarerr 2010/04/08 v1.3 Providing info/warning/error messages (HO)
)
(/usr/share/texmf/tex/generic/oberdiek/ltxcmds.sty
Package: ltxcmds 2011/11/09 v1.22 LaTeX kernel commands for general use (HO)
)
(/usr/share/texmf/tex/generic/oberdiek/ifpdf.sty
Package: ifpdf 2011/01/30 v2.3 Provides the ifpdf switch (HO)
Package ifpdf Info: pdfTeX in PDF mode is detected.
))
(/usr/share/texmf/tex/latex/graphics/keyval.sty
Package: keyval 1999/03/16 v1.13 key=value parser (DPC)
\KV@toks@=\toks14
)
(/usr/share/texmf/tex/latex/xcolor/xcolor.sty
Package: xcolor 2007/01/21 v2.11 LaTeX color extensions (UK)

(/usr/share/texmf/tex/latex/latexconfig/color.cfg
File: color.cfg 2007/01/18 v1.5 color configuration of teTeX/TeXLive
)
Package xcolor Info: Driver file: pdftex.def on input line 225.

(/usr/share/texmf/tex/latex/pdftex-def/pdftex.def
File: pdftex.def 2011/05/27 v0.06d Graphics/color for pdfTeX
\Gread@gobject=\count90
)
Package xcolor Info: Model `cmy' substituted by `cmy0' on input line 1337.
Package xcolor Info: Model `hsb' substituted by `rgb' on input line 1341.
Package xcolor Info: Model `RGB' extended on input line 1353.
Package xcolor Info: Model `HTML' substituted by `rgb' on input line 1355.
Package xcolor Info: Model `Hsb' substituted by `hsb' on input line 1356.
Package xcolor Info: Model `tHsb' substituted by `hsb' on input line 1357.
Package xcolor Info: Model `HSB' substituted by `hsb' on input line 1358.
Package xcolor Info: Model `Gray' substituted by `gray' on input line 1359.
Package xcolor Info: Model `wave' substituted by `hsb' on input line 1360.
))
(/usr/share/texmf/tex/latex/graphics/graphicx.sty
Package: graphicx 1999/02/16 v1.0f Enhanced LaTeX Graphics (DPC,SPQR)

(/usr/share/texmf/tex/latex/graphics/graphics.sty
Package: graphics 2009/02/05 v1.0o Standard LaTeX Graphics (DPC,SPQR)

(/usr/share/texmf/tex/latex/graphics/trig.sty
Package: trig 1999/03/16 v1.09 sin cos tan (DPC)
)
(/usr/share/texmf/tex/latex/latexconfig/graphics.cfg
File: graphics.cfg 2010/04/23 v1.9 graphics configuration of TeX Live
)
Package graphics Info: Driver file: pdftex.def on input line 91.
)
\Gin@req@height=\dimen105
\Gin@req@width=\dimen106
)
(/usr/share/texmf/tex/latex/pdfpages/pppdftex.def
File: pppdftex.def 2012/04/03 v0.4s Pdfpages driver for pdfTeX (AM)
)
\AM@pagebox=\box26
\AM@toc@title=\toks15
\c@AM@survey=\count91
\AM@templatesizebox=\box27
) (./LionsLament.complete.aux)
\openout1 = `LionsLament.complete.aux'.

LaTeX Font Info:    Checking defaults for OML/cmm/m/it on input line 5.
LaTeX Font Info:    ... okay on input line 5.
LaTeX Font Info:    Checking defaults for T1/cmr/m/n on input line 5.
LaTeX Font Info:    ... okay on input line 5.
LaTeX Font Info:    Checking defaults for OT1/cmr/m/n on input line 5.
LaTeX Font Info:    ... okay on input line 5.
LaTeX Font Info:    Checking defaults for OMS/cmsy/m/n on input line 5.
LaTeX Font Info:    ... okay on input line 5.
LaTeX Font Info:    Checking defaults for OMX/cmex/m/n on input line 5.
LaTeX Font Info:    ... okay on input line 5.
LaTeX Font Info:    Checking defaults for U/cmr/m/n on input line 5.
LaTeX Font Info:    ... okay on input line 5.
\AtBeginShipoutBox=\box28
 (/usr/share/texmf/tex/context/base/supp-pdf.mkii
[Loading MPS to PDF converter (version 2006.09.02).]
\scratchcounter=\count92
\scratchdimen=\dimen107
\scratchbox=\box29
\nofMPsegments=\count93
\nofMParguments=\count94
\everyMPshowfont=\toks16
\MPscratchCnt=\count95
\MPscratchDim=\dimen108
\MPnumerator=\count96
\makeMPintoPDFobject=\count97
\everyMPtoPDFconversion=\toks17
) (/usr/share/texmf/tex/generic/oberdiek/pdftexcmds.sty
Package: pdftexcmds 2011/11/29 v0.20 Utility functions of pdfTeX for LuaTeX (HO
)

(/usr/share/texmf/tex/generic/oberdiek/ifluatex.sty
Package: ifluatex 2010/03/01 v1.3 Provides the ifluatex switch (HO)
Package ifluatex Info: LuaTeX not detected.
)
Package pdftexcmds Info: LuaTeX not detected.
Package pdftexcmds Info: \pdf@primitive is available.
Package pdftexcmds Info: \pdf@ifprimitive is available.
Package pdftexcmds Info: \pdfdraftmode found.
)
(/usr/share/texmf/tex/latex/oberdiek/epstopdf-base.sty
Package: epstopdf-base 2010/02/09 v2.5 Base part for package epstopdf

(/usr/share/texmf/tex/latex/oberdiek/grfext.sty
Package: grfext 2010/08/19 v1.1 Manage graphics extensions (HO)

(/usr/share/texmf/tex/generic/oberdiek/kvdefinekeys.sty
Package: kvdefinekeys 2011/04/07 v1.3 Define keys (HO)
))
(/usr/share/texmf/tex/latex/oberdiek/kvoptions.sty
Package: kvoptions 2011/06/30 v3.11 Key value format for package options (HO)

(/usr/share/texmf/tex/generic/oberdiek/kvsetkeys.sty
Package: kvsetkeys 2012/04/25 v1.16 Key value parser (HO)

(/usr/share/texmf/tex/generic/oberdiek/etexcmds.sty
Package: etexcmds 2011/02/16 v1.5 Avoid name clashes with e-TeX commands (HO)
Package etexcmds Info: Could not find \expanded.
(etexcmds)             That can mean that you are not using pdfTeX 1.50 or
(etexcmds)             that some package has redefined \expanded.
(etexcmds)             In the latter case, load this package earlier.
)))
Package grfext Info: Graphics extension search list:
(grfext)             [.png,.pdf,.jpg,.mps,.jpeg,.jbig2,.jb2,.PNG,.PDF,.JPG,.JPE
G,.JBIG2,.JB2,.eps]
(grfext)             \AppendGraphicsExtensions on input line 452.

(/usr/share/texmf/tex/latex/latexconfig/epstopdf-sys.cfg
File: epstopdf-sys.cfg 2010/07/13 v1.3 Configuration of (r)epstopdf for TeX Liv
e
))
<cover.pdf, id=3, page=1, 614.295pt x 794.97pt>
File: cover.pdf Graphic file (type pdf)
 <use cover.pdf, page 1>
Package pdftex.def Info: cover.pdf, page1 used on input line 9.
(pdftex.def)             Requested size: 614.29349pt x 794.96806pt.
File: cover.pdf Graphic file (type pdf)

<use cover.pdf, page 1>
Package pdftex.def Info: cover.pdf, page1 used on input line 9.
(pdftex.def)             Requested size: 614.58406pt x 795.3441pt.
File: cover.pdf Graphic file (type pdf)
 <use cover.pdf, page 1>
Package pdftex.def Info: cover.pdf, page1 used on input line 9.
(pdftex.def)             Requested size: 614.58406pt x 795.3441pt.
File: cover.pdf Graphic file (type pdf)
 <use cover.pdf, page 1>
Package pdftex.def Info: cover.pdf, page1 used on input line 9.
(pdftex.def)             Requested size: 614.58406pt x 795.3441pt.
File: cover.pdf Graphic file (type pdf)

<use cover.pdf, page 1>
Package pdftex.def Info: cover.pdf, page1 used on input line 9.
(pdftex.def)             Requested size: 614.58406pt x 795.3441pt.
 [1

 <./cover.pdf{/var/lib/texmf/fonts/map/pdftex/updmap/pdftex.map}>] [2] <title.p
df, id=20, page=1, 614.295pt x 794.97pt>
File: title.pdf Graphic file (type pdf)

<use title.pdf, page 1>
Package pdftex.def Info: title.pdf, page1 used on input line 17.
(pdftex.def)             Requested size: 614.29349pt x 794.96806pt.
File: title.pdf Graphic file (type pdf)
 <use title.pdf, page 1>
Package pdftex.def Info: title.pdf, page1 used on input line 17.
(pdftex.def)             Requested size: 614.58406pt x 795.3441pt.
File: title.pdf Graphic file (type pdf)
 <use title.pdf, page 1>
Package pdftex.def Info: title.pdf, page1 used on input line 17.
(pdftex.def)             Requested size: 614.58406pt x 795.3441pt.
File: title.pdf Graphic file (type pdf)

<use title.pdf, page 1>
Package pdftex.def Info: title.pdf, page1 used on input line 17.
(pdftex.def)             Requested size: 614.58406pt x 795.3441pt.
File: title.pdf Graphic file (type pdf)
 <use title.pdf, page 1>
Package pdftex.def Info: title.pdf, page1 used on input line 17.
(pdftex.def)             Requested size: 614.58406pt x 795.3441pt.
 [3 <./title.pdf>]
<colophon.pdf, id=30, page=1, 614.295pt x 794.97pt>
File: colophon.pdf Graphic file (type pdf)
 <use colophon.pdf, page 1>
Package pdftex.def Info: colophon.pdf, page1 used on input line 21.
(pdftex.def)             Requested size: 614.29349pt x 794.96806pt.
File: colophon.pdf Graphic file (type pdf)

<use colophon.pdf, page 1>
Package pdftex.def Info: colophon.pdf, page1 used on input line 21.
(pdftex.def)             Requested size: 614.58406pt x 795.3441pt.
File: colophon.pdf Graphic file (type pdf)
 <use colophon.pdf, page 1>
Package pdftex.def Info: colophon.pdf, page1 used on input line 21.
(pdftex.def)             Requested size: 614.58406pt x 795.3441pt.
File: colophon.pdf Graphic file (type pdf)

<use colophon.pdf, page 1>
Package pdftex.def Info: colophon.pdf, page1 used on input line 21.
(pdftex.def)             Requested size: 614.58406pt x 795.3441pt.
File: colophon.pdf Graphic file (type pdf)
 <use colophon.pdf, page 1>
Package pdftex.def Info: colophon.pdf, page1 used on input line 21.
(pdftex.def)             Requested size: 614.58406pt x 795.3441pt.
 [4 <./colophon.pdf>]
<preface.pdf, id=40, page=1, 614.295pt x 794.97pt>
File: preface.pdf Graphic file (type pdf)
 <use preface.pdf, page 1>
Package pdftex.def Info: preface.pdf, page1 used on input line 25.
(pdftex.def)             Requested size: 614.29349pt x 794.96806pt.
File: preface.pdf Graphic file (type pdf)

<use preface.pdf, page 1>
Package pdftex.def Info: preface.pdf, page1 used on input line 25.
(pdftex.def)             Requested size: 614.58406pt x 795.3441pt.
File: preface.pdf Graphic file (type pdf)
 <use preface.pdf, page 1>
Package pdftex.def Info: preface.pdf, page1 used on input line 25.
(pdftex.def)             Requested size: 614.58406pt x 795.3441pt.
File: preface.pdf Graphic file (type pdf)
 <use preface.pdf, page 1>
Package pdftex.def Info: preface.pdf, page1 used on input line 25.
(pdftex.def)             Requested size: 614.58406pt x 795.3441pt.
File: preface.pdf Graphic file (type pdf)

<use preface.pdf, page 1>
Package pdftex.def Info: preface.pdf, page1 used on input line 25.
(pdftex.def)             Requested size: 614.58406pt x 795.3441pt.
 [5 <./preface.pdf>]
<LionsLament.pdf, id=50, page=1, 614.295pt x 794.97pt>
File: LionsLament.pdf Graphic file (type pdf)

<use LionsLament.pdf, page 1>
Package pdftex.def Info: LionsLament.pdf, page1 used on input line 29.
(pdftex.def)             Requested size: 614.29349pt x 794.96806pt.
File: LionsLament.pdf Graphic file (type pdf)
 <use LionsLament.pdf, page 1>
Package pdftex.def Info: LionsLament.pdf, page1 used on input line 29.
(pdftex.def)             Requested size: 614.58406pt x 795.3441pt.
File: LionsLament.pdf Graphic file (type pdf)

<use LionsLament.pdf, page 1>
Package pdftex.def Info: LionsLament.pdf, page1 used on input line 29.
(pdftex.def)             Requested size: 614.58406pt x 795.3441pt.
File: LionsLament.pdf Graphic file (type pdf)
 <use LionsLament.pdf, page 1>
Package pdftex.def Info: LionsLament.pdf, page1 used on input line 29.
(pdftex.def)             Requested size: 614.58406pt x 795.3441pt.
File: LionsLament.pdf Graphic file (type pdf)

<use LionsLament.pdf, page 1>
Package pdftex.def Info: LionsLament.pdf, page1 used on input line 29.
(pdftex.def)             Requested size: 614.58406pt x 795.3441pt.
 [6 <./LionsLament.pdf>]
<LionsLament.pdf, id=88, page=2, 614.295pt x 794.97pt>
File: LionsLament.pdf Graphic file (type pdf)

<use LionsLament.pdf, page 2>
Package pdftex.def Info: LionsLament.pdf, page2 used on input line 29.
(pdftex.def)             Requested size: 614.58406pt x 795.3441pt.
File: LionsLament.pdf Graphic file (type pdf)
 <use LionsLament.pdf, page 2>
Package pdftex.def Info: LionsLament.pdf, page2 used on input line 29.
(pdftex.def)             Requested size: 614.58406pt x 795.3441pt.
File: LionsLament.pdf Graphic file (type pdf)

<use LionsLament.pdf, page 2>
Package pdftex.def Info: LionsLament.pdf, page2 used on input line 29.
(pdftex.def)             Requested size: 614.58406pt x 795.3441pt.
 [7 <./LionsLament.pdf>]
<LionsLament.pdf, id=94, page=3, 614.295pt x 794.97pt>
File: LionsLament.pdf Graphic file (type pdf)

<use LionsLament.pdf, page 3>
Package pdftex.def Info: LionsLament.pdf, page3 used on input line 29.
(pdftex.def)             Requested size: 614.58406pt x 795.3441pt.
File: LionsLament.pdf Graphic file (type pdf)
 <use LionsLament.pdf, page 3>
Package pdftex.def Info: LionsLament.pdf, page3 used on input line 29.
(pdftex.def)             Requested size: 614.58406pt x 795.3441pt.
File: LionsLament.pdf Graphic file (type pdf)

<use LionsLament.pdf, page 3>
Package pdftex.def Info: LionsLament.pdf, page3 used on input line 29.
(pdftex.def)             Requested size: 614.58406pt x 795.3441pt.
 [8 <./LionsLament.pdf>]
<LionsLament.pdf, id=102, page=4, 614.295pt x 794.97pt>
File: LionsLament.pdf Graphic file (type pdf)

<use LionsLament.pdf, page 4>
Package pdftex.def Info: LionsLament.pdf, page4 used on input line 29.
(pdftex.def)             Requested size: 614.58406pt x 795.3441pt.
File: LionsLament.pdf Graphic file (type pdf)
 <use LionsLament.pdf, page 4>
Package pdftex.def Info: LionsLament.pdf, page4 used on input line 29.
(pdftex.def)             Requested size: 614.58406pt x 795.3441pt.
File: LionsLament.pdf Graphic file (type pdf)

<use LionsLament.pdf, page 4>
Package pdftex.def Info: LionsLament.pdf, page4 used on input line 29.
(pdftex.def)             Requested size: 614.58406pt x 795.3441pt.
 [9 <./LionsLament.pdf>]
<LionsLament.pdf, id=106, page=5, 614.295pt x 794.97pt>
File: LionsLament.pdf Graphic file (type pdf)

<use LionsLament.pdf, page 5>
Package pdftex.def Info: LionsLament.pdf, page5 used on input line 29.
(pdftex.def)             Requested size: 614.58406pt x 795.3441pt.
File: LionsLament.pdf Graphic file (type pdf)
 <use LionsLament.pdf, page 5>
Package pdftex.def Info: LionsLament.pdf, page5 used on input line 29.
(pdftex.def)             Requested size: 614.58406pt x 795.3441pt.
File: LionsLament.pdf Graphic file (type pdf)

<use LionsLament.pdf, page 5>
Package pdftex.def Info: LionsLament.pdf, page5 used on input line 29.
(pdftex.def)             Requested size: 614.58406pt x 795.3441pt.
 [10 <./LionsLament.pdf>]
<LionsLament.pdf, id=110, page=6, 614.295pt x 794.97pt>
File: LionsLament.pdf Graphic file (type pdf)

<use LionsLament.pdf, page 6>
Package pdftex.def Info: LionsLament.pdf, page6 used on input line 29.
(pdftex.def)             Requested size: 614.58406pt x 795.3441pt.
File: LionsLament.pdf Graphic file (type pdf)
 <use LionsLament.pdf, page 6>
Package pdftex.def Info: LionsLament.pdf, page6 used on input line 29.
(pdftex.def)             Requested size: 614.58406pt x 795.3441pt.
File: LionsLament.pdf Graphic file (type pdf)

<use LionsLament.pdf, page 6>
Package pdftex.def Info: LionsLament.pdf, page6 used on input line 29.
(pdftex.def)             Requested size: 614.58406pt x 795.3441pt.
 [11 <./LionsLament.pdf>]
<LionsLament.pdf, id=114, page=7, 614.295pt x 794.97pt>
File: LionsLament.pdf Graphic file (type pdf)

<use LionsLament.pdf, page 7>
Package pdftex.def Info: LionsLament.pdf, page7 used on input line 29.
(pdftex.def)             Requested size: 614.58406pt x 795.3441pt.
File: LionsLament.pdf Graphic file (type pdf)
 <use LionsLament.pdf, page 7>
Package pdftex.def Info: LionsLament.pdf, page7 used on input line 29.
(pdftex.def)             Requested size: 614.58406pt x 795.3441pt.
File: LionsLament.pdf Graphic file (type pdf)

<use LionsLament.pdf, page 7>
Package pdftex.def Info: LionsLament.pdf, page7 used on input line 29.
(pdftex.def)             Requested size: 614.58406pt x 795.3441pt.
 [12 <./LionsLament.pdf>]
<LionsLament.pdf, id=122, page=8, 614.295pt x 794.97pt>
File: LionsLament.pdf Graphic file (type pdf)

<use LionsLament.pdf, page 8>
Package pdftex.def Info: LionsLament.pdf, page8 used on input line 29.
(pdftex.def)             Requested size: 614.58406pt x 795.3441pt.
File: LionsLament.pdf Graphic file (type pdf)
 <use LionsLament.pdf, page 8>
Package pdftex.def Info: LionsLament.pdf, page8 used on input line 29.
(pdftex.def)             Requested size: 614.58406pt x 795.3441pt.
File: LionsLament.pdf Graphic file (type pdf)

<use LionsLament.pdf, page 8>
Package pdftex.def Info: LionsLament.pdf, page8 used on input line 29.
(pdftex.def)             Requested size: 614.58406pt x 795.3441pt.
 [13 <./LionsLament.pdf>]
<LionsLament.pdf, id=127, page=9, 614.295pt x 794.97pt>
File: LionsLament.pdf Graphic file (type pdf)

<use LionsLament.pdf, page 9>
Package pdftex.def Info: LionsLament.pdf, page9 used on input line 29.
(pdftex.def)             Requested size: 614.58406pt x 795.3441pt.
File: LionsLament.pdf Graphic file (type pdf)
 <use LionsLament.pdf, page 9>
Package pdftex.def Info: LionsLament.pdf, page9 used on input line 29.
(pdftex.def)             Requested size: 614.58406pt x 795.3441pt.
File: LionsLament.pdf Graphic file (type pdf)

<use LionsLament.pdf, page 9>
Package pdftex.def Info: LionsLament.pdf, page9 used on input line 29.
(pdftex.def)             Requested size: 614.58406pt x 795.3441pt.
 [14 <./LionsLament.pdf>]
<LionsLament.pdf, id=131, page=10, 614.295pt x 794.97pt>
File: LionsLament.pdf Graphic file (type pdf)

<use LionsLament.pdf, page 10>
Package pdftex.def Info: LionsLament.pdf, page10 used on input line 29.
(pdftex.def)             Requested size: 614.58406pt x 795.3441pt.
File: LionsLament.pdf Graphic file (type pdf)
 <use LionsLament.pdf, page 10>
Package pdftex.def Info: LionsLament.pdf, page10 used on input line 29.
(pdftex.def)             Requested size: 614.58406pt x 795.3441pt.
File: LionsLament.pdf Graphic file (type pdf)

<use LionsLament.pdf, page 10>
Package pdftex.def Info: LionsLament.pdf, page10 used on input line 29.
(pdftex.def)             Requested size: 614.58406pt x 795.3441pt.
 [15 <./LionsLament.pdf>]
<LionsLament.pdf, id=135, page=11, 614.295pt x 794.97pt>
File: LionsLament.pdf Graphic file (type pdf)

<use LionsLament.pdf, page 11>
Package pdftex.def Info: LionsLament.pdf, page11 used on input line 29.
(pdftex.def)             Requested size: 614.58406pt x 795.3441pt.
File: LionsLament.pdf Graphic file (type pdf)
 <use LionsLament.pdf, page 11>
Package pdftex.def Info: LionsLament.pdf, page11 used on input line 29.
(pdftex.def)             Requested size: 614.58406pt x 795.3441pt.
File: LionsLament.pdf Graphic file (type pdf)

<use LionsLament.pdf, page 11>
Package pdftex.def Info: LionsLament.pdf, page11 used on input line 29.
(pdftex.def)             Requested size: 614.58406pt x 795.3441pt.
 [16 <./LionsLament.pdf>]
<LionsLament.pdf, id=139, page=12, 614.295pt x 794.97pt>
File: LionsLament.pdf Graphic file (type pdf)

<use LionsLament.pdf, page 12>
Package pdftex.def Info: LionsLament.pdf, page12 used on input line 29.
(pdftex.def)             Requested size: 614.58406pt x 795.3441pt.
File: LionsLament.pdf Graphic file (type pdf)
 <use LionsLament.pdf, page 12>
Package pdftex.def Info: LionsLament.pdf, page12 used on input line 29.
(pdftex.def)             Requested size: 614.58406pt x 795.3441pt.
File: LionsLament.pdf Graphic file (type pdf)

<use LionsLament.pdf, page 12>
Package pdftex.def Info: LionsLament.pdf, page12 used on input line 29.
(pdftex.def)             Requested size: 614.58406pt x 795.3441pt.
 [17 <./LionsLament.pdf>]
<LionsLament.pdf, id=143, page=13, 614.295pt x 794.97pt>
File: LionsLament.pdf Graphic file (type pdf)

<use LionsLament.pdf, page 13>
Package pdftex.def Info: LionsLament.pdf, page13 used on input line 29.
(pdftex.def)             Requested size: 614.58406pt x 795.3441pt.
File: LionsLament.pdf Graphic file (type pdf)
 <use LionsLament.pdf, page 13>
Package pdftex.def Info: LionsLament.pdf, page13 used on input line 29.
(pdftex.def)             Requested size: 614.58406pt x 795.3441pt.
File: LionsLament.pdf Graphic file (type pdf)

<use LionsLament.pdf, page 13>
Package pdftex.def Info: LionsLament.pdf, page13 used on input line 29.
(pdftex.def)             Requested size: 614.58406pt x 795.3441pt.
 [18 <./LionsLament.pdf>]
<editorialmethod.pdf, id=149, page=1, 614.295pt x 794.97pt>
File: editorialmethod.pdf Graphic file (type pdf)

<use editorialmethod.pdf, page 1>
Package pdftex.def Info: editorialmethod.pdf, page1 used on input line 33.
(pdftex.def)             Requested size: 614.29349pt x 794.96806pt.
File: editorialmethod.pdf Graphic file (type pdf)
 <use editorialmethod.pdf, page 1>
Package pdftex.def Info: editorialmethod.pdf, page1 used on input line 33.
(pdftex.def)             Requested size: 614.58406pt x 795.3441pt.
File: editorialmethod.pdf Graphic file (type pdf)

<use editorialmethod.pdf, page 1>
Package pdftex.def Info: editorialmethod.pdf, page1 used on input line 33.
(pdftex.def)             Requested size: 614.58406pt x 795.3441pt.
File: editorialmethod.pdf Graphic file (type pdf)
 <use editorialmethod.pdf, page 1>
Package pdftex.def Info: editorialmethod.pdf, page1 used on input line 33.
(pdftex.def)             Requested size: 614.58406pt x 795.3441pt.
File: editorialmethod.pdf Graphic file (type pdf)

<use editorialmethod.pdf, page 1>
Package pdftex.def Info: editorialmethod.pdf, page1 used on input line 33.
(pdftex.def)             Requested size: 614.58406pt x 795.3441pt.
 [19 <./editorialmethod.pdf>]
<editorialmethod.pdf, id=187, page=2, 614.295pt x 794.97pt>
File: editorialmethod.pdf Graphic file (type pdf)

<use editorialmethod.pdf, page 2>
Package pdftex.def Info: editorialmethod.pdf, page2 used on input line 33.
(pdftex.def)             Requested size: 614.58406pt x 795.3441pt.
File: editorialmethod.pdf Graphic file (type pdf)
 <use editorialmethod.pdf, page 2>
Package pdftex.def Info: editorialmethod.pdf, page2 used on input line 33.
(pdftex.def)             Requested size: 614.58406pt x 795.3441pt.
File: editorialmethod.pdf Graphic file (type pdf)

<use editorialmethod.pdf, page 2>
Package pdftex.def Info: editorialmethod.pdf, page2 used on input line 33.
(pdftex.def)             Requested size: 614.58406pt x 795.3441pt.
 [20 <./editorialmethod.pdf>] [21] [22]
[23] <backcover.pdf, id=203, page=1, 614.295pt x 794.97pt>
File: backcover.pdf Graphic file (type pdf)

<use backcover.pdf, page 1>
Package pdftex.def Info: backcover.pdf, page1 used on input line 47.
(pdftex.def)             Requested size: 614.29349pt x 794.96806pt.
File: backcover.pdf Graphic file (type pdf)
 <use backcover.pdf, page 1>
Package pdftex.def Info: backcover.pdf, page1 used on input line 47.
(pdftex.def)             Requested size: 614.58406pt x 795.3441pt.
File: backcover.pdf Graphic file (type pdf)

<use backcover.pdf, page 1>
Package pdftex.def Info: backcover.pdf, page1 used on input line 47.
(pdftex.def)             Requested size: 614.58406pt x 795.3441pt.
File: backcover.pdf Graphic file (type pdf)
 <use backcover.pdf, page 1>
Package pdftex.def Info: backcover.pdf, page1 used on input line 47.
(pdftex.def)             Requested size: 614.58406pt x 795.3441pt.
File: backcover.pdf Graphic file (type pdf)

<use backcover.pdf, page 1>
Package pdftex.def Info: backcover.pdf, page1 used on input line 47.
(pdftex.def)             Requested size: 614.58406pt x 795.3441pt.
 [24 <./backcover.pdf>] (./LionsLament.complete.aux) ) 
Here is how much of TeX's memory you used:
 2769 strings out of 493607
 39288 string characters out of 3149946
 98112 words of memory out of 3500000
 6061 multiletter control sequences out of 15000+200000
 3640 words of font info for 14 fonts, out of 3000000 for 9000
 831 hyphenation exceptions out of 8191
 40i,18n,46p,246b,425s stack positions out of 5000i,500n,10000p,200000b,50000s
</usr/share/texmf/fonts/t
ype1/urw/ncntrsbk/uncb8a.pfb></usr/share/texmf/fonts/type1/urw/ncntrsbk/uncr8a.
pfb></usr/share/texmf/fonts/type1/urw/ncntrsbk/uncri8a.pfb>
Output written on LionsLament.complete.pdf (24 pages, 505502 bytes).
PDF statistics:
 217 PDF objects out of 1000 (max. 8388607)
 128 compressed objects within 2 object streams
 0 named destinations out of 1000 (max. 500000)
 171 words of extra memory for PDF output out of 10000 (max. 10000000)

